[DEBUG] Queue thread started
==================================================
轻量新闻短视频自动成片工具
阿里云公网测试版 v0.1.0
==================================================
 * Serving Flask app 'app.main'
 * Debug mode: off
[31m[1mWARNING: This is a development server. Do not use it in a production deployment. Use a production WSGI server instead.[0m
 * Running on all addresses (0.0.0.0)
 * Running on http://127.0.0.1:8088
 * Running on http://172.17.52.84:8088
[33mPress CTRL+C to quit[0m
127.0.0.1 - - [11/Apr/2026 08:08:03] "GET /api/health HTTP/1.1" 200 -
[DEBUG] Queue empty, waiting... iteration=10
[DEBUG] Queue empty, waiting... iteration=20
[DEBUG] Queue empty, waiting... iteration=30
[DEBUG] Queue empty, waiting... iteration=40
[DEBUG] Queue empty, waiting... iteration=50
127.0.0.1 - - [11/Apr/2026 08:08:49] "POST /api/upload HTTP/1.1" 200 -
[DEBUG] Queue empty, waiting... iteration=60
127.0.0.1 - - [11/Apr/2026 08:09:08] "POST /api/task HTTP/1.1" 200 -
[DEBUG] Popped task: 3ce4af48-b032-41fa-a3e1-8e211fe9233c, queue size: 0
[DEBUG] Processing task: 3ce4af48-b032-41fa-a3e1-8e211fe9233c
127.0.0.1 - - [11/Apr/2026 08:09:42] "GET /api/task/3ce4af48-b032-41fa-a3e1-8e211fe9233c HTTP/1.1" 200 -
127.0.0.1 - - [11/Apr/2026 08:09:47] "GET /api/task/3ce4af48-b032-41fa-a3e1-8e211fe9233c HTTP/1.1" 200 -
127.0.0.1 - - [11/Apr/2026 08:09:52] "GET /api/task/3ce4af48-b032-41fa-a3e1-8e211fe9233c HTTP/1.1" 200 -
127.0.0.1 - - [11/Apr/2026 08:09:57] "GET /api/task/3ce4af48-b032-41fa-a3e1-8e211fe9233c HTTP/1.1" 200 -
127.0.0.1 - - [11/Apr/2026 08:10:02] "GET /api/task/3ce4af48-b032-41fa-a3e1-8e211fe9233c HTTP/1.1" 200 -
127.0.0.1 - - [11/Apr/2026 08:10:07] "GET /api/task/3ce4af48-b032-41fa-a3e1-8e211fe9233c HTTP/1.1" 200 -
127.0.0.1 - - [11/Apr/2026 08:10:12] "GET /api/task/3ce4af48-b032-41fa-a3e1-8e211fe9233c HTTP/1.1" 200 -
127.0.0.1 - - [11/Apr/2026 08:10:17] "GET /api/task/3ce4af48-b032-41fa-a3e1-8e211fe9233c HTTP/1.1" 200 -
127.0.0.1 - - [11/Apr/2026 08:10:22] "GET /api/task/3ce4af48-b032-41fa-a3e1-8e211fe9233c HTTP/1.1" 200 -
127.0.0.1 - - [11/Apr/2026 08:10:28] "GET /api/task/3ce4af48-b032-41fa-a3e1-8e211fe9233c HTTP/1.1" 200 -
[DEBUG] Task completed: 3ce4af48-b032-41fa-a3e1-8e211fe9233c
127.0.0.1 - - [11/Apr/2026 08:10:33] "GET /api/task/3ce4af48-b032-41fa-a3e1-8e211fe9233c HTTP/1.1" 200 -
[DEBUG] Queue empty, waiting... iteration=80
127.0.0.1 - - [11/Apr/2026 08:10:45] "GET /api/task/3ce4af48-b032-41fa-a3e1-8e211fe9233c HTTP/1.1" 200 -
[DEBUG] Queue empty, waiting... iteration=90
[DEBUG] Queue empty, waiting... iteration=100
[DEBUG] Queue empty, waiting... iteration=110
[DEBUG] Queue empty, waiting... iteration=120
[DEBUG] Queue empty, waiting... iteration=130
[DEBUG] Queue empty, waiting... iteration=140
[DEBUG] Queue empty, waiting... iteration=150
[DEBUG] Queue empty, waiting... iteration=160
81.68.179.56 - - [11/Apr/2026 08:12:05] "[33mGET /stacks HTTP/1.1[0m" 404 -
[DEBUG] Queue empty, waiting... iteration=170
[DEBUG] Queue empty, waiting... iteration=180
[DEBUG] Queue empty, waiting... iteration=190
[DEBUG] Queue empty, waiting... iteration=200
[DEBUG] Queue empty, waiting... iteration=210
[DEBUG] Queue empty, waiting... iteration=220
[DEBUG] Queue empty, waiting... iteration=230
[DEBUG] Queue empty, waiting... iteration=240
[DEBUG] Queue empty, waiting... iteration=250
[DEBUG] Queue empty, waiting... iteration=260
[DEBUG] Queue empty, waiting... iteration=270
[DEBUG] Queue empty, waiting... iteration=280
[DEBUG] Queue empty, waiting... iteration=290
[DEBUG] Queue empty, waiting... iteration=300
[DEBUG] Queue empty, waiting... iteration=310
[DEBUG] Queue empty, waiting... iteration=320
[DEBUG] Queue empty, waiting... iteration=330
[DEBUG] Queue empty, waiting... iteration=340
[DEBUG] Queue empty, waiting... iteration=350
[DEBUG] Queue empty, waiting... iteration=360
[DEBUG] Queue empty, waiting... iteration=370
[DEBUG] Queue empty, waiting... iteration=380
[DEBUG] Queue empty, waiting... iteration=390
[DEBUG] Queue empty, waiting... iteration=400
[DEBUG] Queue empty, waiting... iteration=410
[DEBUG] Queue empty, waiting... iteration=420
[DEBUG] Queue empty, waiting... iteration=430
[DEBUG] Queue empty, waiting... iteration=440
[DEBUG] Queue empty, waiting... iteration=450
[DEBUG] Queue empty, waiting... iteration=460
[DEBUG] Queue empty, waiting... iteration=470
[DEBUG] Queue empty, waiting... iteration=480
[DEBUG] Queue empty, waiting... iteration=490
[DEBUG] Queue empty, waiting... iteration=500
[DEBUG] Queue empty, waiting... iteration=510
[DEBUG] Queue empty, waiting... iteration=520
[DEBUG] Queue empty, waiting... iteration=530
[DEBUG] Queue empty, waiting... iteration=540
[DEBUG] Queue empty, waiting... iteration=550
[DEBUG] Queue empty, waiting... iteration=560
[DEBUG] Queue empty, waiting... iteration=570
[DEBUG] Queue empty, waiting... iteration=580
[DEBUG] Queue empty, waiting... iteration=590
[DEBUG] Queue empty, waiting... iteration=600
[DEBUG] Queue empty, waiting... iteration=610
[DEBUG] Queue empty, waiting... iteration=620
[DEBUG] Queue empty, waiting... iteration=630
[DEBUG] Queue empty, waiting... iteration=640
[DEBUG] Queue empty, waiting... iteration=650
[DEBUG] Queue empty, waiting... iteration=660
[DEBUG] Queue empty, waiting... iteration=670
[DEBUG] Queue empty, waiting... iteration=680
[DEBUG] Queue empty, waiting... iteration=690
[DEBUG] Queue empty, waiting... iteration=700
[DEBUG] Queue empty, waiting... iteration=710
[DEBUG] Queue empty, waiting... iteration=720
[DEBUG] Queue empty, waiting... iteration=730
[DEBUG] Queue empty, waiting... iteration=740
[DEBUG] Queue empty, waiting... iteration=750
[DEBUG] Queue empty, waiting... iteration=760
[DEBUG] Queue empty, waiting... iteration=770
[DEBUG] Queue empty, waiting... iteration=780
[DEBUG] Queue empty, waiting... iteration=790
[DEBUG] Queue empty, waiting... iteration=800
[DEBUG] Queue empty, waiting... iteration=810
[DEBUG] Queue empty, waiting... iteration=820
[DEBUG] Queue empty, waiting... iteration=830
[DEBUG] Queue empty, waiting... iteration=840
[DEBUG] Queue empty, waiting... iteration=850
[DEBUG] Queue empty, waiting... iteration=860
[DEBUG] Queue empty, waiting... iteration=870
[DEBUG] Queue empty, waiting... iteration=880
[DEBUG] Queue empty, waiting... iteration=890
[DEBUG] Queue empty, waiting... iteration=900
[DEBUG] Queue empty, waiting... iteration=910
